[13:32:57] [Render thread/INFO] [JMLogger] JourneyMap log initialized.
[13:32:57] [Render thread/INFO] [JourneymapClient] initialize ENTER
[13:32:57] [Render thread/INFO] [ClientAPI] [ClientAPI] built with JourneyMap API 1.9-SNAPSHOT
[13:32:57] [Render thread/INFO] [PluginHelper] Initializing plugins with Client API: journeymap.client.api.impl.ClientAPI
[13:32:57] [Render thread/INFO] [PluginHelper] Initialized IClientPlugin: com.tom.createores.jm.JMPlugin
[13:32:57] [Render thread/INFO] [PluginHelper] Initialized IClientPlugin: com.minecolonies.core.compatibility.journeymap.JourneymapPlugin
[13:32:57] [Render thread/INFO] [PluginHelper] Initialized IClientPlugin: net.blay09.mods.waystones.compat.JourneyMapIntegration
[13:32:57] [Render thread/INFO] [PluginHelper] Initialized IClientPlugin: com.railwayteam.railways.compat.journeymap.RailwayMapPlugin
[13:32:57] [Render thread/INFO] [PluginHelper] Initialized IClientPlugin: me.frankv.jmi.JMIJourneyMapPlugin
[13:32:58] [Render thread/WARN] [PropertiesBase] core (Initialized) Bad configField entry during updateFrom(): optionsManagerViewed=null
[13:32:58] [Render thread/WARN] [PropertiesBase] core (Initialized) Bad configField entry during updateFrom(): splashViewed=null
[13:32:58] [Render thread/INFO] [?] Version: JourneyMap 1.20.1-5.10.0, built with forge 1.20.1-47.2.30
forge: 47.3.0
Environment: os.name, os.arch, java.version, user.country, user.language=null, game language=en_us, locale=en_us
Features: 
	RadarPlayers : singleplayer = true , multiplayer = true
	RadarAnimals : singleplayer = true , multiplayer = true
	RadarMobs : singleplayer = true , multiplayer = true
	RadarVillagers : singleplayer = true , multiplayer = true
	MapTopo : singleplayer = true , multiplayer = true
	MapSurface : singleplayer = true , multiplayer = true
	MapCaves : singleplayer = true , multiplayer = true
	MapBiome : singleplayer = true , multiplayer = true
MiniMapProperties{state=Valid, file=journeymap.minimap.config, configVersion=5.10.0, zoomLevel=0, compassFontScale=1.0, terrainAlpha=100, showEntityNames=true, positionX=0.9, positionY=0.25, effectVertical=false, showPlayerHeading=true, sizePercent=30, playerDisplayScale=1.0, showDayNight=true, showPets=true, preferredMapType=day, showCompass=true, mobDisplay=jm.common.entity_display.dots, systemTimeRealFormat=HH:mm:ss, shape=jm.minimap.shape_circle, showSelf=true, selfDisplayScale=1.0, showGrid=true, reticleOrientation=jm.minimap.orientation.compass, gameTimeRealFormat=HH:mm:ss, effectTranslateX=-138, showWaypoints=true, minimapKeyMovementSpeed=0.001, showAnimals=true, infoSlotAlpha=0.7, effectTranslateY=0, showWaypointLabels=true, moveEffectIcons=true, position=jm.minimap.position_topright, fontScale=1.0, showPlayers=true, waypointIconScale=1.0, frameAlpha=100, effectReversed=false, backgroundAlpha=0.8, enabled=true, showVillagers=true, info2Label=jm.theme.labelsource.gametime, info3Label=jm.theme.labelsource.location, showMobs=true, waypointLabelScale=1.0, showReticle=true, orientation=jm.minimap.orientation.north, info4Label=jm.theme.labelsource.biome, locationFormat=xzyv, playerDisplay=jm.common.entity_display.dots, mobDisplayScale=1.0, showCaves=true, showMobHeading=true, locationFormatVerbose=true, info1Label=jm.theme.labelsource.blank}
MiniMapProperties{state=Valid, file=journeymap.minimap2.config, configVersion=5.10.0, zoomLevel=0, compassFontScale=1.0, terrainAlpha=100, showEntityNames=true, positionX=0.9, positionY=0.25, effectVertical=false, showPlayerHeading=true, sizePercent=30, playerDisplayScale=1.0, showDayNight=true, showPets=true, preferredMapType=day, showCompass=true, mobDisplay=jm.common.entity_display.dots, systemTimeRealFormat=HH:mm:ss, shape=jm.minimap.shape_rectangle, showSelf=true, selfDisplayScale=1.0, showGrid=true, reticleOrientation=jm.minimap.orientation.compass, gameTimeRealFormat=HH:mm:ss, effectTranslateX=0, showWaypoints=true, minimapKeyMovementSpeed=0.001, showAnimals=true, infoSlotAlpha=0.7, effectTranslateY=0, showWaypointLabels=true, moveEffectIcons=true, position=jm.minimap.position_topright, fontScale=1.0, showPlayers=true, waypointIconScale=1.0, frameAlpha=100, effectReversed=false, backgroundAlpha=0.8, enabled=true, showVillagers=true, info2Label=jm.theme.labelsource.gametime, info3Label=jm.theme.labelsource.location, showMobs=true, waypointLabelScale=1.0, showReticle=true, orientation=jm.minimap.orientation.north, info4Label=jm.theme.labelsource.biome, locationFormat=xzyv, playerDisplay=jm.common.entity_display.dots, mobDisplayScale=1.0, showCaves=true, showMobHeading=true, locationFormatVerbose=true, info1Label=jm.theme.labelsource.blank}
FullMapProperties{state=Valid, file=journeymap.fullmap.config, configVersion=5.10.0, zoomLevel=0, showPlayers=true, waypointIconScale=1.0, showEntityNames=true, showPlayerHeading=true, showVillagers=true, showPlayerLoc=true, showKeys=true, playerDisplayScale=1.0, showMobs=true, showPets=true, waypointLabelScale=1.0, preferredMapType=day, mobDisplay=jm.common.entity_display.dots, showSelf=true, locationFormat=xzyv, playerDisplay=jm.common.entity_display.dots, mobDisplayScale=1.0, selfDisplayScale=1.0, showGrid=true, showMouseLoc=true, showWaypoints=true, showCaves=true, showAnimals=true, showMobHeading=true, showWaypointLabels=true, locationFormatVerbose=true, fontScale=1.0}
WaypointProperties{state=Valid, file=journeymap.waypoint.config, configVersion=5.10.0, autoRemoveDeathpointDistance=2, dateFormat=MM-dd-yyyy, autoRemoveDeathpoints=false, fullscreenDoubleClickToCreate=true, managerDimensionFocus=false, minDistance=4, boldLabel=false, textureSmall=true, showDeathpointlabel=true, beaconEnabled=true, createDeathpoints=true, showName=true, disableStrikeThrough=false, maxDistance=0, autoHideLabel=true, autoRemoveTempWaypoints=2, teleportCommand=/tp {name} {x} {y} {z}, showStaticBeam=true, shaderBeacon=false, timeFormat=HH:mm:ss, showDeviationLabel=false, showDistance=true, showRotatingBeam=true, fontScale=2.0, showTexture=true, managerEnabled=true}
WebMapProperties{state=Valid, file=journeymap.webmap.config, configVersion=5.10.0, port=8080, enabled=false}
CoreProperties{state=Valid, file=journeymap.core.config, configVersion=5.10.0, verboseColorPalette=false, maxPlayersData=32, mapSurfaceAboveCaves=true, dataCachingEnabled=true, optionsManagerViewed=null, announceMod=true, colorPassive=#bbbbbb, mapBlendWater=false, renderDistanceSurfaceMax=0, seedId=false, radarVerticalDistance=16, mapBlendGrass=true, recordCacheStats=false, hideSneakingEntities=true, revealShape=jm.minimap.shape_circle, mapBiome=true, alwaysMapSurface=false, colorVillager=#88e188, mapPlants=false, colorPet=#0077ff, radarLateralDistance=64, mapBathymetry=false, mapCrops=true, maxMobsData=32, mapPlantShadows=false, alwaysMapCaves=false, checkUpdates=true, mapBlendFoliage=true, hideSpectators=false, mappingEnabled=true, colorPlayer=#ffffff, tileHighDisplayQuality=true, cacheVillagersData=2200, logLevel=INFO, maxVillagersData=32, mapWaterBiomeColors=false, maxAnimalsData=32, mapTransparency=true, caveBlackAsClear=false, tileRenderType=1, caveIgnoreGlass=true, mapTopography=true, renderDistanceCaveMax=0, mapAntialiasing=true, colorSelf=#0000ff, cachePlayersData=2000, cacheMobsData=3000, cachePlayerData=1000, splashViewed=null, colorHostile=#ff0000, cacheAnimalsData=3100, themeName=OceanMonument, mapCaveLighting=true, renderDelay=2, glErrorChecking=false, autoMapPoll=2000}
[13:32:58] [Render thread/INFO] [JourneymapClient] initialize EXIT, elapsed count 1 avg 364.96ms
[13:33:32] [Render thread/INFO] [JourneymapClient] Journeymap PostInit
[13:33:32] [Render thread/INFO] [ThemeLoader] Preloaded theme textures: 73
[13:33:32] [Render thread/INFO] [JourneymapClient] postInitialize EXIT, elapsed count 1 avg 663.74ms
[13:33:33] [JM-VersionCheck-1/INFO] [VersionCheck] Newer version online: JourneyMap 5.10.1 for Minecraft 1.20.1 on https://www.curseforge.com/minecraft/mc-mods/journeymap/files/5540985
[13:37:08] [Server thread/INFO] [ForgeConfig] Loading JourneyMap Forge Configs
[13:41:16] [Render thread/INFO] [ChatLog] JourneyMap: Press [J]
[13:41:16] [Render thread/WARN] [PropertiesBase] core (Initialized) Bad configField entry during updateFrom(): optionsManagerViewed=null
[13:41:17] [Render thread/WARN] [PropertiesBase] core (Initialized) Bad configField entry during updateFrom(): splashViewed=null
[13:41:17] [Render thread/INFO] [ModBlockDelegate] Custom modded block handling enabled for create
[13:41:17] [Render thread/INFO] [ModBlockDelegate] Custom modded block handling enabled for biomesoplenty
[13:41:18] [Render thread/INFO] [WaypointStore] Loaded 0 waypoints from C:\games\curseforge\minecraft\Instances\All the Mods 9 - No Frills\journeymap\data\sp\TestWorld0002\waypoints
[13:41:18] [Render thread/INFO] [JourneymapClient] Mapping started in C:\games\curseforge\minecraft\Instances\All the Mods 9 - No Frills\journeymap\data\sp\TestWorld0002\overworld. Memory: 7668MB total, 3311MB free 
[13:41:21] [Render thread/WARN] [JMLogger] Can't get entityTexture for rats:textures/entity_icon/rat/black.png
[13:41:21] [Render thread/WARN] [JMLogger] Can't get entityTexture for mowziesmobs:textures/entity_icon/wroughtnaut.png
[13:42:12] [Render thread/WARN] [JMLogger] Can't get entityTexture for ars_nouveau:textures/entity_icon/starbuncle_green.png
[13:42:59] [Render thread/WARN] [JMLogger] Can't get entityTexture for ars_nouveau:textures/entity_icon/starbuncle_lime.png
[13:42:59] [Render thread/WARN] [JMLogger] Can't get entityTexture for rats:textures/entity_icon/rat/blue.png
[13:43:33] [Render thread/WARN] [JMLogger] Can't get entityTexture for rats:textures/entity_icon/rat/green.png
[13:43:38] [Render thread/WARN] [JMLogger] Can't get entityTexture for ars_nouveau:textures/entity_icon/whirlisprig_summer.png
[13:43:38] [Render thread/WARN] [JMLogger] Can't get entityTexture for irons_spellbooks:textures/entity_icon/necromancer.png
[13:43:49] [Render thread/WARN] [JMLogger] Can't get entityTexture for ars_nouveau:textures/entity_icon/drygmy_brown.png
[13:45:30] [Render thread/WARN] [JMLogger] Can't get entityTexture for ars_nouveau:textures/entity_icon/starbuncle_black.png
[13:45:30] [Render thread/WARN] [JMLogger] Can't get entityTexture for ars_nouveau:textures/entity_icon/starbuncle_brown.png
[13:47:02] [JM-task-4/WARN] [StatTimer] SurfaceRenderer.renderSurface was slow: 1170.0567 (Warning limit reached)
[13:47:02] [JM-task-4/WARN] [StatTimer] SurfaceRenderer.renderSurface: Avg:    14.05ms, Min:     1.48ms, Max:    4665.88ms, Total:         52 sec, Count:     3707, Canceled:        0, Slow:       10
[13:47:08] [Render thread/WARN] [JMLogger] Can't get entityTexture for irons_spellbooks:textures/entity_icon/priest/priest_armored.png
[13:47:31] [Render thread/WARN] [JMLogger] Can't get entityTexture for ars_nouveau:textures/entity_icon/starbuncle_gray.png
[13:48:08] [Render thread/INFO] [JourneymapClient] Mapping halted in C:\games\curseforge\minecraft\Instances\All the Mods 9 - No Frills\journeymap\data\mp\offline\minecraft:overworld
[13:48:13] [Server thread/ERROR] [PluginWrapper] Plugin JMPlugin{modId=createoreexcavation} errored during event: MAPPING_STOPPED
java.lang.NullPointerException: Cannot invoke "java.io.File.mkdirs()" because "modFolder" is null
	at com.tom.createores.jm.OreVeinsOverlay.onMappingStopped(OreVeinsOverlay.java:107) ~[createoreexcavation-1.20-1.5.0.jar%23596!/:1.5.0]
	at com.tom.createores.jm.JMPlugin.onEvent(JMPlugin.java:36) ~[createoreexcavation-1.20-1.5.0.jar%23596!/:1.5.0]
	at journeymap.client.api.impl.PluginWrapper.notify(PluginWrapper.java:377) ~[journeymap-1.20.1-5.10.0-forge.jar%23698!/:1.20.1-5.10.0]
	at journeymap.client.api.impl.ClientEventManager.fireMappingEvent(ClientEventManager.java:81) ~[journeymap-1.20.1-5.10.0-forge.jar%23698!/:1.20.1-5.10.0]
	at journeymap.client.JourneymapClient.stopMapping(JourneymapClient.java:608) ~[journeymap-1.20.1-5.10.0-forge.jar%23698!/:1.20.1-5.10.0]
	at journeymap.client.event.handlers.WorldEventHandler.onUnload(WorldEventHandler.java:32) ~[journeymap-1.20.1-5.10.0-forge.jar%23698!/:1.20.1-5.10.0]
	at journeymap.client.event.forge.ForgeWorldEvent.onUnload(ForgeWorldEvent.java:19) ~[journeymap-1.20.1-5.10.0-forge.jar%23698!/:1.20.1-5.10.0]
	at journeymap.client.event.forge.__ForgeWorldEvent_onUnload_Unload.invoke(.dynamic) ~[journeymap-1.20.1-5.10.0-forge.jar%23698!/:1.20.1-5.10.0]
	at net.minecraftforge.eventbus.ASMEventHandler.invoke(ASMEventHandler.java:73) ~[eventbus-6.0.5.jar%2387!/:?]
	at net.minecraftforge.eventbus.EventBus.post(EventBus.java:315) ~[eventbus-6.0.5.jar%2387!/:?]
	at net.minecraftforge.eventbus.EventBus.post(EventBus.java:296) ~[eventbus-6.0.5.jar%2387!/:?]
	at net.minecraft.server.MinecraftServer.m_7041_(MinecraftServer.java:589) ~[client-1.20.1-20230612.114412-srg.jar%23864!/:?]
	at net.minecraft.client.server.IntegratedServer.m_7041_(IntegratedServer.java:187) ~[client-1.20.1-20230612.114412-srg.jar%23864!/:?]
	at net.minecraft.server.MinecraftServer.m_130011_(MinecraftServer.java:689) ~[client-1.20.1-20230612.114412-srg.jar%23864!/:?]
	at net.minecraft.server.MinecraftServer.m_206580_(MinecraftServer.java:251) ~[client-1.20.1-20230612.114412-srg.jar%23864!/:?]
	at java.lang.Thread.run(Thread.java:833) ~[?:?]
[13:48:15] [Server thread/INFO] [ForgeConfig] Loading JourneyMap Forge Configs
